C51 COMPILER V9.59.0.0   MAIN                                                              04/11/2023 17:18:58 PAGE 1   


C51 COMPILER V9.59.0.0, COMPILATION OF MODULE MAIN
OBJECT MODULE PLACED IN .\Objects\main.obj
COMPILER INVOKED BY: D:\keil\keil_mdk\C51\BIN\C51.EXE main.c LARGE OMF2 OPTIMIZE(8,SPEED) BROWSE DEBUG PRINT(.\Listings\
                    -main.lst) OBJECT(.\Objects\main.obj)

line level    source

   1          #include <STC15F2K60S2.H>
   2          #include <STDLIB.H>
   3          #include <STRING.H>
   4          #include <stdio.h>
   5          #include "Delay.h"
   6          #include "UART.h"
   7          #include "LCD1602.h"
   8          #include "gps.h"
   9          #include "24l01.h"
  10          #include "ATcommand.h"
  11          
  12          
  13          #define u8 unsigned char
  14          #define u16 unsigned int
  15          
  16          u8 recGps_buffer[40] = "1234";
  17          u8 temp_buf[TX_PLOAD_WIDTH]={1,2,3,4,5,6,7,8,9,10};
  18          
  19          
  20          u8 Key_scan()
  21          {
  22   1              u8 key_value = 0;
  23   1              if(P31==0)
  24   1              {
  25   2                      Delay_ms(20);
  26   2                      if(P31==0)
  27   2                      {
  28   3                              key_value = 1;
  29   3                      }
  30   2                      while(!P31);
  31   2              }
  32   1      
  33   1              return key_value;
  34   1      }       
  35          
  36          void main()
  37          {
  38   1              unsigned char i = 0;
  39   1              unsigned char key_v = 0;
  40   1      
  41   1              UART01_Init();
  42   1              Uart02_Init();
  43   1       
  44   1              Nrf2401_Init();
  45   1              Delay_ms(10);
  46   1              TX_Mode();      //发送模式
  47   1      
  48   1              clrStruct();    //清空GPS缓存数组
  49   1      
  50   1              
  51   1              while(1)
  52   1              {
  53   2                      parseGpsBuffer();       //解析数据
  54   2      
C51 COMPILER V9.59.0.0   MAIN                                                              04/11/2023 17:18:58 PAGE 2   

  55   2                      if(Save_Data.isUsefull) //如果解析到的数据是有效的
  56   2                      {
  57   3                              Rec_LngLat(recGps_buffer,40);   //提取出经纬度信息放到recGps_buffer组里
  58   3                      }
  59   2                      else
  60   2                      {
  61   3                              UART01_SendString("Data Error!\r\n");
  62   3                              
  63   3                      }
  64   2      
  65   2                      printGpsBuffer();       //串口打印数据
  66   2                      
  67   2                      Nrf_SendString(recGps_buffer,TX_PLOAD_WIDTH);//向从机发送GPS信息。
  68   2                      delay_ms(500);
  69   2              }       
  70   1      }
  71          


MODULE INFORMATION:   STATIC OVERLAYABLE
   CODE SIZE        =    115    ----
   CONSTANT SIZE    =     14    ----
   XDATA SIZE       =     80       3
   PDATA SIZE       =   ----    ----
   DATA SIZE        =   ----    ----
   IDATA SIZE       =   ----    ----
   BIT SIZE         =   ----    ----
   EDATA SIZE       =   ----    ----
   HDATA SIZE       =   ----    ----
   XDATA CONST SIZE =   ----    ----
   FAR CONST SIZE   =   ----    ----
END OF MODULE INFORMATION.


C51 COMPILATION COMPLETE.  0 WARNING(S),  0 ERROR(S)
